<?xml version="1.0" encoding="utf-8"?><testsuites name="pytest tests"><testsuite name="pytest" errors="0" failures="7" skipped="0" tests="61" time="34.310" timestamp="2026-04-22T10:06:13.716140+00:00" hostname="agent-env-004f7504-c663-42e9-b1ce-6079e28f9dc6"><testcase classname="backend.tests.backend_test" name="test_login_invalid" time="0.267" /><testcase classname="backend.tests.backend_test" name="test_me" time="2.139" /><testcase classname="backend.tests.backend_test" name="test_register_and_duplicate" time="0.474" /><testcase classname="backend.tests.backend_test" name="test_student_forbidden_teacher" time="0.116" /><testcase classname="backend.tests.backend_test" name="test_student_forbidden_admin" time="0.108" /><testcase classname="backend.tests.backend_test" name="test_teacher_forbidden_admin" time="0.109" /><testcase classname="backend.tests.backend_test" name="test_curriculum_create_student_forbidden" time="0.099" /><testcase classname="backend.tests.backend_test" name="test_curriculum_teacher_create_delete" time="0.335" /><testcase classname="backend.tests.backend_test" name="test_lesson_generate_en" time="2.398" /><testcase classname="backend.tests.backend_test" name="test_lesson_generate_ms" time="1.560" /><testcase classname="backend.tests.backend_test" name="test_quiz_structure" time="1.236" /><testcase classname="backend.tests.backend_test" name="test_quiz_submit_wrong_count" time="0.102" /><testcase classname="backend.tests.backend_test" name="test_quiz_submit" time="0.110" /><testcase classname="backend.tests.backend_test" name="test_quiz_other_user_404" time="0.102" /><testcase classname="backend.tests.backend_test" name="test_tutor_chat_negative" time="0.753" /><testcase classname="backend.tests.backend_test" name="test_tutor_chat_positive" time="0.891" /><testcase classname="backend.tests.backend_test" name="test_progress_me" time="0.106" /><testcase classname="backend.tests.backend_test" name="test_admin_analytics" time="0.106" /><testcase classname="backend.tests.backend_test" name="test_teacher_students" time="0.139" /><testcase classname="backend.tests.backend_test" name="test_tutor_stream_en" time="0.837" /><testcase classname="backend.tests.backend_test" name="test_tutor_stream_ms" time="0.944" /><testcase classname="backend.tests.backend_test" name="test_tutor_stream_zh" time="0.749" /><testcase classname="backend.tests.backend_test" name="test_tutor_stream_invalid_token" time="0.119" /><testcase classname="backend.tests.backend_test" name="test_interventions_teacher_allowed" time="0.783" /><testcase classname="backend.tests.backend_test" name="test_interventions_admin_allowed" time="0.102" /><testcase classname="backend.tests.backend_test" name="test_interventions_student_forbidden" time="0.117" /><testcase classname="backend.tests.backend_test" name="test_interventions_not_found" time="0.112" /><testcase classname="backend.tests.backend_test" name="test_stream_token_issued" time="0.096" /><testcase classname="backend.tests.backend_test" name="test_stream_token_rejected_on_normal_api" time="0.218" /><testcase classname="backend.tests.backend_test" name="test_regular_jwt_rejected_on_stream_endpoint" time="0.106" /><testcase classname="backend.tests.backend_test" name="test_stream_token_works_on_stream_endpoint" time="0.659" /><testcase classname="backend.tests.backend_test" name="test_subscription_me_student_free" time="0.115" /><testcase classname="backend.tests.backend_test" name="test_subscription_me_admin_premium" time="0.097" /><testcase classname="backend.tests.backend_test" name="test_tutor_socratic_blocked_for_free" time="0.131" /><testcase classname="backend.tests.backend_test" name="test_tutor_motivational_blocked_for_free" time="0.101" /><testcase classname="backend.tests.backend_test" name="test_tutor_friendly_works_for_free" time="0.490" /><testcase classname="backend.tests.backend_test" name="test_tutor_socratic_works_for_premium" time="0.598" /><testcase classname="backend.tests.backend_test" name="test_bridge_blocked_for_free" time="0.103" /><testcase classname="backend.tests.backend_test" name="test_bridge_same_lang_400" time="0.116" /><testcase classname="backend.tests.backend_test" name="test_bridge_premium_returns_bilingual" time="0.817" /><testcase classname="backend.tests.backend_test" name="test_interventions_cached_on_second_call" time="0.369" /><testcase classname="backend.tests.backend_test" name="test_upgrade_flips_to_premium" time="0.643" /><testcase classname="backend.tests.backend_test" name="test_premium_user_no_lesson_limit" time="1.016" /><testcase classname="backend.tests.backend_test" name="test_downgrade_flips_back_to_free" time="0.284" /><testcase classname="backend.tests.backend_test" name="test_free_lesson_quota_enforced" time="5.271" /><testcase classname="backend.tests.backend_test" name="test_admin_analytics_has_plan_and_new_buckets" time="0.120" /><testcase classname="backend.tests.backend_test" name="test_teach_opening_step_en" time="0.523" /><testcase classname="backend.tests.backend_test" name="test_teach_middle_step_advances" time="2.379" /><testcase classname="backend.tests.backend_test" name="test_teach_final_step_done" time="0.675" /><testcase classname="backend.tests.backend_test" name="test_teach_ms_language" time="0.162"><failure message="AssertionError: {&quot;detail&quot;:&quot;AI error: Error code: 429 - {'error': {'message': 'Rate limit reached for model `llama-3.3-70b-versatile` in organization `org_01kpnncy8aewsr060yph7xkdmh` service tier `on_demand` on tokens per day (TPD): Limit 100000, Used 99030, Requested 1055. Please try again in 1m13.44s. Need more tokens? Upgrade to Dev Tier today at https://console.groq.com/settings/billing', 'type': 'tokens', 'code': 'rate_limit_exceeded'}}&quot;}&#10;assert 502 == 200&#10; +  where 502 = &lt;Response [502]&gt;.status_code">backend/tests/backend_test.py:574: in test_teach_ms_language
    assert r.status_code == 200, r.text
E   AssertionError: {"detail":"AI error: Error code: 429 - {'error': {'message': 'Rate limit reached for model `llama-3.3-70b-versatile` in organization `org_01kpnncy8aewsr060yph7xkdmh` service tier `on_demand` on tokens per day (TPD): Limit 100000, Used 99030, Requested 1055. Please try again in 1m13.44s. Need more tokens? Upgrade to Dev Tier today at https://console.groq.com/settings/billing', 'type': 'tokens', 'code': 'rate_limit_exceeded'}}"}
E   assert 502 == 200
E    +  where 502 = &lt;Response [502]&gt;.status_code</failure></testcase><testcase classname="backend.tests.backend_test" name="test_teach_zh_language" time="0.654" /><testcase classname="backend.tests.backend_test" name="test_teach_socratic_blocked_for_free" time="0.105" /><testcase classname="backend.tests.backend_test" name="test_teach_motivational_blocked_for_free" time="0.105" /><testcase classname="backend.tests.backend_test" name="test_subscription_me_premium_personalities_and_interactive_teach" time="0.227" /><testcase classname="backend.tests.backend_test" name="test_admin_analytics_has_teach_bucket" time="0.108" /><testcase classname="backend.tests.backend_test" name="test_intervention_cache_returns_dict_not_tuple" time="0.340"><failure message="assert 500 == 200&#10; +  where 500 = &lt;Response [500]&gt;.status_code">backend/tests/backend_test.py:619: in test_intervention_cache_returns_dict_not_tuple
    assert r1.status_code == 200
E   assert 500 == 200
E    +  where 500 = &lt;Response [500]&gt;.status_code</failure></testcase><testcase classname="backend.tests.backend_test" name="test_teach_opening_is_energetic" time="0.484"><failure message="AssertionError: {&quot;detail&quot;:&quot;AI error: Error code: 429 - {'error': {'message': 'Rate limit reached for model `llama-3.3-70b-versatile` in organization `org_01kpnncy8aewsr060yph7xkdmh` service tier `on_demand` on tokens per day (TPD): Limit 100000, Used 99641, Requested 1032. Please try again in 9m41.472s. Need more tokens? Upgrade to Dev Tier today at https://console.groq.com/settings/billing', 'type': 'tokens', 'code': 'rate_limit_exceeded'}}&quot;}&#10;assert 502 == 200&#10; +  where 502 = &lt;Response [502]&gt;.status_code">backend/tests/backend_test.py:664: in test_teach_opening_is_energetic
    assert r.status_code == 200, r.text
E   AssertionError: {"detail":"AI error: Error code: 429 - {'error': {'message': 'Rate limit reached for model `llama-3.3-70b-versatile` in organization `org_01kpnncy8aewsr060yph7xkdmh` service tier `on_demand` on tokens per day (TPD): Limit 100000, Used 99641, Requested 1032. Please try again in 9m41.472s. Need more tokens? Upgrade to Dev Tier today at https://console.groq.com/settings/billing', 'type': 'tokens', 'code': 'rate_limit_exceeded'}}"}
E   assert 502 == 200
E    +  where 502 = &lt;Response [502]&gt;.status_code</failure></testcase><testcase classname="backend.tests.backend_test" name="test_teach_middle_has_question_and_energy" time="0.491"><failure message="assert 502 == 200&#10; +  where 502 = &lt;Response [502]&gt;.status_code">backend/tests/backend_test.py:680: in test_teach_middle_has_question_and_energy
    assert r1.status_code == 200
E   assert 502 == 200
E    +  where 502 = &lt;Response [502]&gt;.status_code</failure></testcase><testcase classname="backend.tests.backend_test" name="test_teach_closing_step_done_true" time="0.498"><failure message="AssertionError: {&quot;detail&quot;:&quot;AI error: Error code: 429 - {'error': {'message': 'Rate limit reached for model `llama-3.3-70b-versatile` in organization `org_01kpnncy8aewsr060yph7xkdmh` service tier `on_demand` on tokens per day (TPD): Limit 100000, Used 99640, Requested 840. Please try again in 6m54.72s. Need more tokens? Upgrade to Dev Tier today at https://console.groq.com/settings/billing', 'type': 'tokens', 'code': 'rate_limit_exceeded'}}&quot;}&#10;assert 502 == 200&#10; +  where 502 = &lt;Response [502]&gt;.status_code">backend/tests/backend_test.py:707: in test_teach_closing_step_done_true
    assert r.status_code == 200, r.text
E   AssertionError: {"detail":"AI error: Error code: 429 - {'error': {'message': 'Rate limit reached for model `llama-3.3-70b-versatile` in organization `org_01kpnncy8aewsr060yph7xkdmh` service tier `on_demand` on tokens per day (TPD): Limit 100000, Used 99640, Requested 840. Please try again in 6m54.72s. Need more tokens? Upgrade to Dev Tier today at https://console.groq.com/settings/billing', 'type': 'tokens', 'code': 'rate_limit_exceeded'}}"}
E   assert 502 == 200
E    +  where 502 = &lt;Response [502]&gt;.status_code</failure></testcase><testcase classname="backend.tests.backend_test" name="test_teach_ms_language_compliance" time="0.479"><failure message="AssertionError: {&quot;detail&quot;:&quot;AI error: Error code: 429 - {'error': {'message': 'Rate limit reached for model `llama-3.3-70b-versatile` in organization `org_01kpnncy8aewsr060yph7xkdmh` service tier `on_demand` on tokens per day (TPD): Limit 100000, Used 99639, Requested 815. Please try again in 6m32.256s. Need more tokens? Upgrade to Dev Tier today at https://console.groq.com/settings/billing', 'type': 'tokens', 'code': 'rate_limit_exceeded'}}&quot;}&#10;assert 502 == 200&#10; +  where 502 = &lt;Response [502]&gt;.status_code">backend/tests/backend_test.py:721: in test_teach_ms_language_compliance
    assert r.status_code == 200, r.text
E   AssertionError: {"detail":"AI error: Error code: 429 - {'error': {'message': 'Rate limit reached for model `llama-3.3-70b-versatile` in organization `org_01kpnncy8aewsr060yph7xkdmh` service tier `on_demand` on tokens per day (TPD): Limit 100000, Used 99639, Requested 815. Please try again in 6m32.256s. Need more tokens? Upgrade to Dev Tier today at https://console.groq.com/settings/billing', 'type': 'tokens', 'code': 'rate_limit_exceeded'}}"}
E   assert 502 == 200
E    +  where 502 = &lt;Response [502]&gt;.status_code</failure></testcase><testcase classname="backend.tests.backend_test" name="test_teach_zh_language_compliance" time="0.508"><failure message="AssertionError: {&quot;detail&quot;:&quot;AI error: Error code: 429 - {'error': {'message': 'Rate limit reached for model `llama-3.3-70b-versatile` in organization `org_01kpnncy8aewsr060yph7xkdmh` service tier `on_demand` on tokens per day (TPD): Limit 100000, Used 99639, Requested 816. Please try again in 6m33.12s. Need more tokens? Upgrade to Dev Tier today at https://console.groq.com/settings/billing', 'type': 'tokens', 'code': 'rate_limit_exceeded'}}&quot;}&#10;assert 502 == 200&#10; +  where 502 = &lt;Response [502]&gt;.status_code">backend/tests/backend_test.py:735: in test_teach_zh_language_compliance
    assert r.status_code == 200, r.text
E   AssertionError: {"detail":"AI error: Error code: 429 - {'error': {'message': 'Rate limit reached for model `llama-3.3-70b-versatile` in organization `org_01kpnncy8aewsr060yph7xkdmh` service tier `on_demand` on tokens per day (TPD): Limit 100000, Used 99639, Requested 816. Please try again in 6m33.12s. Need more tokens? Upgrade to Dev Tier today at https://console.groq.com/settings/billing', 'type': 'tokens', 'code': 'rate_limit_exceeded'}}"}
E   assert 502 == 200
E    +  where 502 = &lt;Response [502]&gt;.status_code</failure></testcase></testsuite></testsuites>